

Started GET "/" for 127.0.0.1 at 2013-09-26 22:57:33 -0700
Processing by Rails::WelcomeController#index as HTML
  Rendered C:/Ruby200/lib/ruby/gems/2.0.0/gems/railties-4.0.0/lib/rails/templates/rails/welcome/index.html.erb (17.0ms)
Completed 200 OK in 150ms (Views: 108.5ms | ActiveRecord: 0.0ms)


Started GET "/" for 127.0.0.1 at 2013-09-26 22:57:34 -0700
Processing by Rails::WelcomeController#index as HTML
  Rendered C:/Ruby200/lib/ruby/gems/2.0.0/gems/railties-4.0.0/lib/rails/templates/rails/welcome/index.html.erb (0.0ms)
Completed 200 OK in 18ms (Views: 17.0ms | ActiveRecord: 0.0ms)


Started GET "/" for 127.0.0.1 at 2013-09-26 22:58:21 -0700

ActionController::RoutingError (uninitialized constant WelcomeController):
  activesupport (4.0.0) lib/active_support/inflector/methods.rb:226:in `const_get'
  activesupport (4.0.0) lib/active_support/inflector/methods.rb:226:in `block in constantize'
  activesupport (4.0.0) lib/active_support/inflector/methods.rb:224:in `each'
  activesupport (4.0.0) lib/active_support/inflector/methods.rb:224:in `inject'
  activesupport (4.0.0) lib/active_support/inflector/methods.rb:224:in `constantize'
  actionpack (4.0.0) lib/action_dispatch/routing/route_set.rb:76:in `controller_reference'
  actionpack (4.0.0) lib/action_dispatch/routing/route_set.rb:66:in `controller'
  actionpack (4.0.0) lib/action_dispatch/routing/route_set.rb:44:in `call'
  actionpack (4.0.0) lib/action_dispatch/journey/router.rb:71:in `block in call'
  actionpack (4.0.0) lib/action_dispatch/journey/router.rb:59:in `each'
  actionpack (4.0.0) lib/action_dispatch/journey/router.rb:59:in `call'
  actionpack (4.0.0) lib/action_dispatch/routing/route_set.rb:655:in `call'
  rack (1.5.2) lib/rack/etag.rb:23:in `call'
  rack (1.5.2) lib/rack/conditionalget.rb:25:in `call'
  rack (1.5.2) lib/rack/head.rb:11:in `call'
  actionpack (4.0.0) lib/action_dispatch/middleware/params_parser.rb:27:in `call'
  actionpack (4.0.0) lib/action_dispatch/middleware/flash.rb:241:in `call'
  rack (1.5.2) lib/rack/session/abstract/id.rb:225:in `context'
  rack (1.5.2) lib/rack/session/abstract/id.rb:220:in `call'
  actionpack (4.0.0) lib/action_dispatch/middleware/cookies.rb:486:in `call'
  activerecord (4.0.0) lib/active_record/query_cache.rb:36:in `call'
  activerecord (4.0.0) lib/active_record/connection_adapters/abstract/connection_pool.rb:626:in `call'
  activerecord (4.0.0) lib/active_record/migration.rb:369:in `call'
  actionpack (4.0.0) lib/action_dispatch/middleware/callbacks.rb:29:in `block in call'
  activesupport (4.0.0) lib/active_support/callbacks.rb:373:in `_run__413666877__call__callbacks'
  activesupport (4.0.0) lib/active_support/callbacks.rb:80:in `run_callbacks'
  actionpack (4.0.0) lib/action_dispatch/middleware/callbacks.rb:27:in `call'
  actionpack (4.0.0) lib/action_dispatch/middleware/reloader.rb:64:in `call'
  actionpack (4.0.0) lib/action_dispatch/middleware/remote_ip.rb:76:in `call'
  actionpack (4.0.0) lib/action_dispatch/middleware/debug_exceptions.rb:17:in `call'
  actionpack (4.0.0) lib/action_dispatch/middleware/show_exceptions.rb:30:in `call'
  railties (4.0.0) lib/rails/rack/logger.rb:38:in `call_app'
  railties (4.0.0) lib/rails/rack/logger.rb:21:in `block in call'
  activesupport (4.0.0) lib/active_support/tagged_logging.rb:67:in `block in tagged'
  activesupport (4.0.0) lib/active_support/tagged_logging.rb:25:in `tagged'
  activesupport (4.0.0) lib/active_support/tagged_logging.rb:67:in `tagged'
  railties (4.0.0) lib/rails/rack/logger.rb:21:in `call'
  actionpack (4.0.0) lib/action_dispatch/middleware/request_id.rb:21:in `call'
  rack (1.5.2) lib/rack/methodoverride.rb:21:in `call'
  rack (1.5.2) lib/rack/runtime.rb:17:in `call'
  activesupport (4.0.0) lib/active_support/cache/strategy/local_cache.rb:83:in `call'
  rack (1.5.2) lib/rack/lock.rb:17:in `call'
  actionpack (4.0.0) lib/action_dispatch/middleware/static.rb:64:in `call'
  railties (4.0.0) lib/rails/engine.rb:511:in `call'
  railties (4.0.0) lib/rails/application.rb:97:in `call'
  rack (1.5.2) lib/rack/lock.rb:17:in `call'
  rack (1.5.2) lib/rack/content_length.rb:14:in `call'
  rack (1.5.2) lib/rack/handler/webrick.rb:60:in `service'
  C:/Ruby200/lib/ruby/2.0.0/webrick/httpserver.rb:138:in `service'
  C:/Ruby200/lib/ruby/2.0.0/webrick/httpserver.rb:94:in `run'
  C:/Ruby200/lib/ruby/2.0.0/webrick/server.rb:295:in `block in start_thread'


  Rendered C:/Ruby200/lib/ruby/gems/2.0.0/gems/actionpack-4.0.0/lib/action_dispatch/middleware/templates/rescues/_trace.erb (2.0ms)
  Rendered C:/Ruby200/lib/ruby/gems/2.0.0/gems/actionpack-4.0.0/lib/action_dispatch/middleware/templates/routes/_route.html.erb (1.0ms)
  Rendered C:/Ruby200/lib/ruby/gems/2.0.0/gems/actionpack-4.0.0/lib/action_dispatch/middleware/templates/routes/_table.html.erb (57.0ms)
  Rendered C:/Ruby200/lib/ruby/gems/2.0.0/gems/actionpack-4.0.0/lib/action_dispatch/middleware/templates/rescues/routing_error.erb within rescues/layout (203.0ms)


Started GET "/" for 127.0.0.1 at 2013-09-26 22:59:12 -0700
Processing by HomeController#index as HTML
  Rendered home/index.html.erb within layouts/application (0.0ms)
Completed 200 OK in 1224ms (Views: 1222.0ms | ActiveRecord: 0.0ms)


Started GET "/assets/application.css?body=1" for 127.0.0.1 at 2013-09-26 22:59:13 -0700


Started GET "/assets/home.css?body=1" for 127.0.0.1 at 2013-09-26 22:59:13 -0700


Started GET "/assets/turbolinks.js?body=1" for 127.0.0.1 at 2013-09-26 22:59:13 -0700


Started GET "/assets/jquery.js?body=1" for 127.0.0.1 at 2013-09-26 22:59:13 -0700


Started GET "/assets/jquery_ujs.js?body=1" for 127.0.0.1 at 2013-09-26 22:59:13 -0700


Started GET "/assets/home.js?body=1" for 127.0.0.1 at 2013-09-26 22:59:13 -0700


Started GET "/assets/application.js?body=1" for 127.0.0.1 at 2013-09-26 22:59:13 -0700


Started GET "/" for 127.0.0.1 at 2013-09-26 23:00:49 -0700
Processing by HomeController#index as HTML
  Rendered home/index.html.erb within layouts/application (1.0ms)
Completed 200 OK in 38ms (Views: 36.9ms | ActiveRecord: 0.0ms)


Started GET "/assets/jquery.js?body=1" for 127.0.0.1 at 2013-09-26 23:00:49 -0700


Started GET "/assets/home.css?body=1" for 127.0.0.1 at 2013-09-26 23:00:49 -0700


Started GET "/assets/jquery_ujs.js?body=1" for 127.0.0.1 at 2013-09-26 23:00:49 -0700


Started GET "/assets/application.css?body=1" for 127.0.0.1 at 2013-09-26 23:00:49 -0700


Started GET "/assets/turbolinks.js?body=1" for 127.0.0.1 at 2013-09-26 23:00:49 -0700


Started GET "/assets/home.js?body=1" for 127.0.0.1 at 2013-09-26 23:00:49 -0700


Started GET "/assets/application.js?body=1" for 127.0.0.1 at 2013-09-26 23:00:49 -0700


Started GET "/" for 127.0.0.1 at 2013-09-26 23:13:22 -0700

ActiveRecord::PendingMigrationError (Migrations are pending; run 'rake db:migrate RAILS_ENV=development' to resolve this issue.):
  activerecord (4.0.0) lib/active_record/migration.rb:379:in `check_pending!'
  activerecord (4.0.0) lib/active_record/migration.rb:366:in `call'
  actionpack (4.0.0) lib/action_dispatch/middleware/callbacks.rb:29:in `block in call'
  activesupport (4.0.0) lib/active_support/callbacks.rb:373:in `_run__1024897495__call__callbacks'
  activesupport (4.0.0) lib/active_support/callbacks.rb:80:in `run_callbacks'
  actionpack (4.0.0) lib/action_dispatch/middleware/callbacks.rb:27:in `call'
  actionpack (4.0.0) lib/action_dispatch/middleware/reloader.rb:64:in `call'
  actionpack (4.0.0) lib/action_dispatch/middleware/remote_ip.rb:76:in `call'
  actionpack (4.0.0) lib/action_dispatch/middleware/debug_exceptions.rb:17:in `call'
  actionpack (4.0.0) lib/action_dispatch/middleware/show_exceptions.rb:30:in `call'
  railties (4.0.0) lib/rails/rack/logger.rb:38:in `call_app'
  railties (4.0.0) lib/rails/rack/logger.rb:21:in `block in call'
  activesupport (4.0.0) lib/active_support/tagged_logging.rb:67:in `block in tagged'
  activesupport (4.0.0) lib/active_support/tagged_logging.rb:25:in `tagged'
  activesupport (4.0.0) lib/active_support/tagged_logging.rb:67:in `tagged'
  railties (4.0.0) lib/rails/rack/logger.rb:21:in `call'
  actionpack (4.0.0) lib/action_dispatch/middleware/request_id.rb:21:in `call'
  rack (1.5.2) lib/rack/methodoverride.rb:21:in `call'
  rack (1.5.2) lib/rack/runtime.rb:17:in `call'
  activesupport (4.0.0) lib/active_support/cache/strategy/local_cache.rb:83:in `call'
  rack (1.5.2) lib/rack/lock.rb:17:in `call'
  actionpack (4.0.0) lib/action_dispatch/middleware/static.rb:64:in `call'
  railties (4.0.0) lib/rails/engine.rb:511:in `call'
  railties (4.0.0) lib/rails/application.rb:97:in `call'
  rack (1.5.2) lib/rack/lock.rb:17:in `call'
  rack (1.5.2) lib/rack/content_length.rb:14:in `call'
  rack (1.5.2) lib/rack/handler/webrick.rb:60:in `service'
  C:/Ruby200/lib/ruby/2.0.0/webrick/httpserver.rb:138:in `service'
  C:/Ruby200/lib/ruby/2.0.0/webrick/httpserver.rb:94:in `run'
  C:/Ruby200/lib/ruby/2.0.0/webrick/server.rb:295:in `block in start_thread'


  Rendered C:/Ruby200/lib/ruby/gems/2.0.0/gems/actionpack-4.0.0/lib/action_dispatch/middleware/templates/rescues/_source.erb (1.0ms)
  Rendered C:/Ruby200/lib/ruby/gems/2.0.0/gems/actionpack-4.0.0/lib/action_dispatch/middleware/templates/rescues/_trace.erb (1.0ms)
  Rendered C:/Ruby200/lib/ruby/gems/2.0.0/gems/actionpack-4.0.0/lib/action_dispatch/middleware/templates/rescues/_request_and_response.erb (1.9ms)
  Rendered C:/Ruby200/lib/ruby/gems/2.0.0/gems/actionpack-4.0.0/lib/action_dispatch/middleware/templates/rescues/diagnostics.erb within rescues/layout (111.8ms)


Started GET "/" for 127.0.0.1 at 2013-09-26 23:13:22 -0700

ActiveRecord::PendingMigrationError (Migrations are pending; run 'rake db:migrate RAILS_ENV=development' to resolve this issue.):
  activerecord (4.0.0) lib/active_record/migration.rb:379:in `check_pending!'
  activerecord (4.0.0) lib/active_record/migration.rb:366:in `call'
  actionpack (4.0.0) lib/action_dispatch/middleware/callbacks.rb:29:in `block in call'
  activesupport (4.0.0) lib/active_support/callbacks.rb:373:in `_run__1024897495__call__callbacks'
  activesupport (4.0.0) lib/active_support/callbacks.rb:80:in `run_callbacks'
  actionpack (4.0.0) lib/action_dispatch/middleware/callbacks.rb:27:in `call'
  actionpack (4.0.0) lib/action_dispatch/middleware/reloader.rb:64:in `call'
  actionpack (4.0.0) lib/action_dispatch/middleware/remote_ip.rb:76:in `call'
  actionpack (4.0.0) lib/action_dispatch/middleware/debug_exceptions.rb:17:in `call'
  actionpack (4.0.0) lib/action_dispatch/middleware/show_exceptions.rb:30:in `call'
  railties (4.0.0) lib/rails/rack/logger.rb:38:in `call_app'
  railties (4.0.0) lib/rails/rack/logger.rb:21:in `block in call'
  activesupport (4.0.0) lib/active_support/tagged_logging.rb:67:in `block in tagged'
  activesupport (4.0.0) lib/active_support/tagged_logging.rb:25:in `tagged'
  activesupport (4.0.0) lib/active_support/tagged_logging.rb:67:in `tagged'
  railties (4.0.0) lib/rails/rack/logger.rb:21:in `call'
  actionpack (4.0.0) lib/action_dispatch/middleware/request_id.rb:21:in `call'
  rack (1.5.2) lib/rack/methodoverride.rb:21:in `call'
  rack (1.5.2) lib/rack/runtime.rb:17:in `call'
  activesupport (4.0.0) lib/active_support/cache/strategy/local_cache.rb:83:in `call'
  rack (1.5.2) lib/rack/lock.rb:17:in `call'
  actionpack (4.0.0) lib/action_dispatch/middleware/static.rb:64:in `call'
  railties (4.0.0) lib/rails/engine.rb:511:in `call'
  railties (4.0.0) lib/rails/application.rb:97:in `call'
  rack (1.5.2) lib/rack/lock.rb:17:in `call'
  rack (1.5.2) lib/rack/content_length.rb:14:in `call'
  rack (1.5.2) lib/rack/handler/webrick.rb:60:in `service'
  C:/Ruby200/lib/ruby/2.0.0/webrick/httpserver.rb:138:in `service'
  C:/Ruby200/lib/ruby/2.0.0/webrick/httpserver.rb:94:in `run'
  C:/Ruby200/lib/ruby/2.0.0/webrick/server.rb:295:in `block in start_thread'


  Rendered C:/Ruby200/lib/ruby/gems/2.0.0/gems/actionpack-4.0.0/lib/action_dispatch/middleware/templates/rescues/_source.erb (1.0ms)
  Rendered C:/Ruby200/lib/ruby/gems/2.0.0/gems/actionpack-4.0.0/lib/action_dispatch/middleware/templates/rescues/_trace.erb (1.0ms)
  Rendered C:/Ruby200/lib/ruby/gems/2.0.0/gems/actionpack-4.0.0/lib/action_dispatch/middleware/templates/rescues/_request_and_response.erb (1.0ms)
  Rendered C:/Ruby200/lib/ruby/gems/2.0.0/gems/actionpack-4.0.0/lib/action_dispatch/middleware/templates/rescues/diagnostics.erb within rescues/layout (91.0ms)
  [1m[36m (15.5ms)[0m  [1mCREATE TABLE "schema_migrations" ("version" varchar(255) NOT NULL) [0m
  [1m[35m (11.9ms)[0m  CREATE UNIQUE INDEX "unique_schema_migrations" ON "schema_migrations" ("version")
  [1m[36mActiveRecord::SchemaMigration Load (0.0ms)[0m  [1mSELECT "schema_migrations".* FROM "schema_migrations"[0m
Migrating to CreateUsers (20130927060835)
  [1m[35m (0.0ms)[0m  begin transaction
  [1m[36m (1.0ms)[0m  [1mCREATE TABLE "users" ("id" INTEGER PRIMARY KEY AUTOINCREMENT NOT NULL, "username" varchar(255), "email" varchar(255), "created_at" datetime, "updated_at" datetime) [0m
  [1m[35mSQL (1.0ms)[0m  INSERT INTO "schema_migrations" ("version") VALUES (?)  [["version", "20130927060835"]]
  [1m[36m (13.8ms)[0m  [1mcommit transaction[0m
  [1m[35mActiveRecord::SchemaMigration Load (1.0ms)[0m  SELECT "schema_migrations".* FROM "schema_migrations"


Started GET "/" for 127.0.0.1 at 2013-09-26 23:13:50 -0700
  [1m[36mActiveRecord::SchemaMigration Load (1.0ms)[0m  [1mSELECT "schema_migrations".* FROM "schema_migrations"[0m
Processing by HomeController#index as HTML
  Rendered home/index.html.erb within layouts/application (0.0ms)
Completed 200 OK in 367ms (Views: 317.3ms | ActiveRecord: 0.0ms)


Started GET "/assets/application.css?body=1" for 127.0.0.1 at 2013-09-26 23:13:51 -0700


Started GET "/assets/scaffolds.css?body=1" for 127.0.0.1 at 2013-09-26 23:13:51 -0700


Started GET "/assets/home.css?body=1" for 127.0.0.1 at 2013-09-26 23:13:51 -0700


Started GET "/assets/users.css?body=1" for 127.0.0.1 at 2013-09-26 23:13:51 -0700


Started GET "/assets/jquery.js?body=1" for 127.0.0.1 at 2013-09-26 23:13:51 -0700


Started GET "/assets/jquery_ujs.js?body=1" for 127.0.0.1 at 2013-09-26 23:13:51 -0700


Started GET "/assets/turbolinks.js?body=1" for 127.0.0.1 at 2013-09-26 23:13:51 -0700


Started GET "/assets/home.js?body=1" for 127.0.0.1 at 2013-09-26 23:13:51 -0700


Started GET "/assets/users.js?body=1" for 127.0.0.1 at 2013-09-26 23:13:51 -0700


Started GET "/assets/application.js?body=1" for 127.0.0.1 at 2013-09-26 23:13:51 -0700


Started GET "/" for 127.0.0.1 at 2013-09-26 23:15:08 -0700
Processing by HomeController#index as HTML
  Rendered home/index.html.erb within layouts/application (1.0ms)
Completed 200 OK in 44ms (Views: 41.6ms | ActiveRecord: 0.0ms)


Started GET "/assets/scaffolds.css?body=1" for 127.0.0.1 at 2013-09-26 23:15:08 -0700


Started GET "/assets/jquery_ujs.js?body=1" for 127.0.0.1 at 2013-09-26 23:15:08 -0700


Started GET "/assets/home.css?body=1" for 127.0.0.1 at 2013-09-26 23:15:09 -0700


Started GET "/assets/users.css?body=1" for 127.0.0.1 at 2013-09-26 23:15:09 -0700


Started GET "/assets/jquery.js?body=1" for 127.0.0.1 at 2013-09-26 23:15:09 -0700


Started GET "/assets/application.css?body=1" for 127.0.0.1 at 2013-09-26 23:15:09 -0700


Started GET "/assets/turbolinks.js?body=1" for 127.0.0.1 at 2013-09-26 23:15:09 -0700


Started GET "/assets/home.js?body=1" for 127.0.0.1 at 2013-09-26 23:15:09 -0700


Started GET "/assets/users.js?body=1" for 127.0.0.1 at 2013-09-26 23:15:09 -0700


Started GET "/assets/application.js?body=1" for 127.0.0.1 at 2013-09-26 23:15:09 -0700


Started GET "/assets/jquery_ujs.js?body=1" for 127.0.0.1 at 2013-09-26 23:15:09 -0700
